0 info it worked if it ends with ok
1 verbose cli [ '/usr/local/Cellar/node/7.7.2/bin/node',
1 verbose cli   '/usr/local/bin/npm',
1 verbose cli   'run',
1 verbose cli   'flow' ]
2 info using npm@4.1.2
3 info using node@v7.7.2
4 verbose run-script [ 'preflow', 'flow', 'postflow' ]
5 info lifecycle mapbox-android-docs@0.1.0~preflow: mapbox-android-docs@0.1.0
6 silly lifecycle mapbox-android-docs@0.1.0~preflow: no script for preflow, continuing
7 info lifecycle mapbox-android-docs@0.1.0~flow: mapbox-android-docs@0.1.0
8 verbose lifecycle mapbox-android-docs@0.1.0~flow: unsafe-perm in lifecycle true
9 verbose lifecycle mapbox-android-docs@0.1.0~flow: PATH: /usr/local/lib/node_modules/npm/bin/node-gyp-bin:/Users/cameron/Mapbox/android-docs/node_modules/.bin:/usr/local/opt/ruby/bin:/Users/cameron/Library/Android/sdk/platform-tools:/usr/local/bin:/usr/bin:/bin:/usr/sbin:/sbin:/Library/Frameworks/Mono.framework/Versions/Current/Commands
10 verbose lifecycle mapbox-android-docs@0.1.0~flow: CWD: /Users/cameron/Mapbox/android-docs
11 silly lifecycle mapbox-android-docs@0.1.0~flow: Args: [ '-c', 'flow' ]
12 silly lifecycle mapbox-android-docs@0.1.0~flow: Returned: code: 2  signal: null
13 info lifecycle mapbox-android-docs@0.1.0~flow: Failed to exec flow script
14 verbose stack Error: mapbox-android-docs@0.1.0 flow: `flow`
14 verbose stack Exit status 2
14 verbose stack     at EventEmitter.<anonymous> (/usr/local/lib/node_modules/npm/lib/utils/lifecycle.js:279:16)
14 verbose stack     at emitTwo (events.js:106:13)
14 verbose stack     at EventEmitter.emit (events.js:194:7)
14 verbose stack     at ChildProcess.<anonymous> (/usr/local/lib/node_modules/npm/lib/utils/spawn.js:40:14)
14 verbose stack     at emitTwo (events.js:106:13)
14 verbose stack     at ChildProcess.emit (events.js:194:7)
14 verbose stack     at maybeClose (internal/child_process.js:899:16)
14 verbose stack     at Process.ChildProcess._handle.onexit (internal/child_process.js:226:5)
15 verbose pkgid mapbox-android-docs@0.1.0
16 verbose cwd /Users/cameron/Mapbox/android-docs
17 error Darwin 16.6.0
18 error argv "/usr/local/Cellar/node/7.7.2/bin/node" "/usr/local/bin/npm" "run" "flow"
19 error node v7.7.2
20 error npm  v4.1.2
21 error code ELIFECYCLE
22 error mapbox-android-docs@0.1.0 flow: `flow`
22 error Exit status 2
23 error Failed at the mapbox-android-docs@0.1.0 flow script 'flow'.
23 error Make sure you have the latest version of node.js and npm installed.
23 error If you do, this is most likely a problem with the mapbox-android-docs package,
23 error not with npm itself.
23 error Tell the author that this fails on your system:
23 error     flow
23 error You can get information on how to open an issue for this project with:
23 error     npm bugs mapbox-android-docs
23 error Or if that isn't available, you can get their info via:
23 error     npm owner ls mapbox-android-docs
23 error There is likely additional logging output above.
24 verbose exit [ 1, true ]
